[2016-06-03 09:54:00] local.ERROR: exception 'ErrorException' with message 'file_put_contents(/var/www/html/cms-laravel/storage/framework/sessions/3a6b6c93d99d9f2a0c5e847d079a6002515373fc): failed to open stream: No such file or directory' in /var/www/html/cms-laravel/vendor/laravel/framework/src/Illuminate/Filesystem/Filesystem.php:109
Stack trace:
#0 [internal function]: Illuminate\Foundation\Bootstrap\HandleExceptions->handleError(2, 'file_put_conten...', '/var/www/html/c...', 109, Array)
#1 /var/www/html/cms-laravel/vendor/laravel/framework/src/Illuminate/Filesystem/Filesystem.php(109): file_put_contents('/var/www/html/c...', 'a:4:{s:6:"_toke...', 2)
#2 /var/www/html/cms-laravel/vendor/laravel/framework/src/Illuminate/Session/FileSessionHandler.php(71): Illuminate\Filesystem\Filesystem->put('/var/www/html/c...', 'a:4:{s:6:"_toke...', true)
#3 /var/www/html/cms-laravel/vendor/laravel/framework/src/Illuminate/Session/Store.php(262): Illuminate\Session\FileSessionHandler->write('3a6b6c93d99d9f2...', 'a:4:{s:6:"_toke...')
#4 /var/www/html/cms-laravel/vendor/laravel/framework/src/Illuminate/Session/Middleware/StartSession.php(88): Illuminate\Session\Store->save()
#5 /var/www/html/cms-laravel/vendor/laravel/framework/src/Illuminate/Foundation/Http/Kernel.php(155): Illuminate\Session\Middleware\StartSession->terminate(Object(Illuminate\Http\Request), Object(Illuminate\Http\Response))
#6 /var/www/html/cms-laravel/public/index.php(58): Illuminate\Foundation\Http\Kernel->terminate(Object(Illuminate\Http\Request), Object(Illuminate\Http\Response))
#7 /var/www/html/cms-laravel/server.php(21): require_once('/var/www/html/c...')
#8 {main}  
[2016-06-03 09:54:12] local.ERROR: exception 'ErrorException' with message 'file_put_contents(/var/www/html/cms-laravel/storage/framework/sessions/3a6b6c93d99d9f2a0c5e847d079a6002515373fc): failed to open stream: No such file or directory' in /var/www/html/cms-laravel/vendor/laravel/framework/src/Illuminate/Filesystem/Filesystem.php:109
Stack trace:
#0 [internal function]: Illuminate\Foundation\Bootstrap\HandleExceptions->handleError(2, 'file_put_conten...', '/var/www/html/c...', 109, Array)
#1 /var/www/html/cms-laravel/vendor/laravel/framework/src/Illuminate/Filesystem/Filesystem.php(109): file_put_contents('/var/www/html/c...', 'a:4:{s:6:"_toke...', 2)
#2 /var/www/html/cms-laravel/vendor/laravel/framework/src/Illuminate/Session/FileSessionHandler.php(71): Illuminate\Filesystem\Filesystem->put('/var/www/html/c...', 'a:4:{s:6:"_toke...', true)
#3 /var/www/html/cms-laravel/vendor/laravel/framework/src/Illuminate/Session/Store.php(262): Illuminate\Session\FileSessionHandler->write('3a6b6c93d99d9f2...', 'a:4:{s:6:"_toke...')
#4 /var/www/html/cms-laravel/vendor/laravel/framework/src/Illuminate/Session/Middleware/StartSession.php(88): Illuminate\Session\Store->save()
#5 /var/www/html/cms-laravel/vendor/laravel/framework/src/Illuminate/Foundation/Http/Kernel.php(155): Illuminate\Session\Middleware\StartSession->terminate(Object(Illuminate\Http\Request), Object(Illuminate\Http\Response))
#6 /var/www/html/cms-laravel/public/index.php(58): Illuminate\Foundation\Http\Kernel->terminate(Object(Illuminate\Http\Request), Object(Illuminate\Http\Response))
#7 /var/www/html/cms-laravel/server.php(21): require_once('/var/www/html/c...')
#8 {main}  
[2016-06-03 09:54:13] local.ERROR: exception 'ErrorException' with message 'file_put_contents(/var/www/html/cms-laravel/storage/framework/sessions/3a6b6c93d99d9f2a0c5e847d079a6002515373fc): failed to open stream: No such file or directory' in /var/www/html/cms-laravel/vendor/laravel/framework/src/Illuminate/Filesystem/Filesystem.php:109
Stack trace:
#0 [internal function]: Illuminate\Foundation\Bootstrap\HandleExceptions->handleError(2, 'file_put_conten...', '/var/www/html/c...', 109, Array)
#1 /var/www/html/cms-laravel/vendor/laravel/framework/src/Illuminate/Filesystem/Filesystem.php(109): file_put_contents('/var/www/html/c...', 'a:4:{s:6:"_toke...', 2)
#2 /var/www/html/cms-laravel/vendor/laravel/framework/src/Illuminate/Session/FileSessionHandler.php(71): Illuminate\Filesystem\Filesystem->put('/var/www/html/c...', 'a:4:{s:6:"_toke...', true)
#3 /var/www/html/cms-laravel/vendor/laravel/framework/src/Illuminate/Session/Store.php(262): Illuminate\Session\FileSessionHandler->write('3a6b6c93d99d9f2...', 'a:4:{s:6:"_toke...')
#4 /var/www/html/cms-laravel/vendor/laravel/framework/src/Illuminate/Session/Middleware/StartSession.php(88): Illuminate\Session\Store->save()
#5 /var/www/html/cms-laravel/vendor/laravel/framework/src/Illuminate/Foundation/Http/Kernel.php(155): Illuminate\Session\Middleware\StartSession->terminate(Object(Illuminate\Http\Request), Object(Illuminate\Http\Response))
#6 /var/www/html/cms-laravel/public/index.php(58): Illuminate\Foundation\Http\Kernel->terminate(Object(Illuminate\Http\Request), Object(Illuminate\Http\Response))
#7 /var/www/html/cms-laravel/server.php(21): require_once('/var/www/html/c...')
#8 {main}  
[2016-06-03 09:54:25] local.ERROR: exception 'ErrorException' with message 'file_put_contents(/var/www/html/cms-laravel/storage/framework/sessions/3a6b6c93d99d9f2a0c5e847d079a6002515373fc): failed to open stream: No such file or directory' in /var/www/html/cms-laravel/vendor/laravel/framework/src/Illuminate/Filesystem/Filesystem.php:109
Stack trace:
#0 [internal function]: Illuminate\Foundation\Bootstrap\HandleExceptions->handleError(2, 'file_put_conten...', '/var/www/html/c...', 109, Array)
#1 /var/www/html/cms-laravel/vendor/laravel/framework/src/Illuminate/Filesystem/Filesystem.php(109): file_put_contents('/var/www/html/c...', 'a:4:{s:6:"_toke...', 2)
#2 /var/www/html/cms-laravel/vendor/laravel/framework/src/Illuminate/Session/FileSessionHandler.php(71): Illuminate\Filesystem\Filesystem->put('/var/www/html/c...', 'a:4:{s:6:"_toke...', true)
#3 /var/www/html/cms-laravel/vendor/laravel/framework/src/Illuminate/Session/Store.php(262): Illuminate\Session\FileSessionHandler->write('3a6b6c93d99d9f2...', 'a:4:{s:6:"_toke...')
#4 /var/www/html/cms-laravel/vendor/laravel/framework/src/Illuminate/Session/Middleware/StartSession.php(88): Illuminate\Session\Store->save()
#5 /var/www/html/cms-laravel/vendor/laravel/framework/src/Illuminate/Foundation/Http/Kernel.php(155): Illuminate\Session\Middleware\StartSession->terminate(Object(Illuminate\Http\Request), Object(Illuminate\Http\Response))
#6 /var/www/html/cms-laravel/public/index.php(58): Illuminate\Foundation\Http\Kernel->terminate(Object(Illuminate\Http\Request), Object(Illuminate\Http\Response))
#7 /var/www/html/cms-laravel/server.php(21): require_once('/var/www/html/c...')
#8 {main}  
[2016-06-03 09:54:25] local.ERROR: exception 'ErrorException' with message 'file_put_contents(/var/www/html/cms-laravel/storage/framework/sessions/3a6b6c93d99d9f2a0c5e847d079a6002515373fc): failed to open stream: No such file or directory' in /var/www/html/cms-laravel/vendor/laravel/framework/src/Illuminate/Filesystem/Filesystem.php:109
Stack trace:
#0 [internal function]: Illuminate\Foundation\Bootstrap\HandleExceptions->handleError(2, 'file_put_conten...', '/var/www/html/c...', 109, Array)
#1 /var/www/html/cms-laravel/vendor/laravel/framework/src/Illuminate/Filesystem/Filesystem.php(109): file_put_contents('/var/www/html/c...', 'a:4:{s:6:"_toke...', 2)
#2 /var/www/html/cms-laravel/vendor/laravel/framework/src/Illuminate/Session/FileSessionHandler.php(71): Illuminate\Filesystem\Filesystem->put('/var/www/html/c...', 'a:4:{s:6:"_toke...', true)
#3 /var/www/html/cms-laravel/vendor/laravel/framework/src/Illuminate/Session/Store.php(262): Illuminate\Session\FileSessionHandler->write('3a6b6c93d99d9f2...', 'a:4:{s:6:"_toke...')
#4 /var/www/html/cms-laravel/vendor/laravel/framework/src/Illuminate/Session/Middleware/StartSession.php(88): Illuminate\Session\Store->save()
#5 /var/www/html/cms-laravel/vendor/laravel/framework/src/Illuminate/Foundation/Http/Kernel.php(155): Illuminate\Session\Middleware\StartSession->terminate(Object(Illuminate\Http\Request), Object(Illuminate\Http\Response))
#6 /var/www/html/cms-laravel/public/index.php(58): Illuminate\Foundation\Http\Kernel->terminate(Object(Illuminate\Http\Request), Object(Illuminate\Http\Response))
#7 /var/www/html/cms-laravel/server.php(21): require_once('/var/www/html/c...')
#8 {main}  
[2016-06-03 09:54:26] local.ERROR: exception 'ErrorException' with message 'file_put_contents(/var/www/html/cms-laravel/storage/framework/sessions/3a6b6c93d99d9f2a0c5e847d079a6002515373fc): failed to open stream: No such file or directory' in /var/www/html/cms-laravel/vendor/laravel/framework/src/Illuminate/Filesystem/Filesystem.php:109
Stack trace:
#0 [internal function]: Illuminate\Foundation\Bootstrap\HandleExceptions->handleError(2, 'file_put_conten...', '/var/www/html/c...', 109, Array)
#1 /var/www/html/cms-laravel/vendor/laravel/framework/src/Illuminate/Filesystem/Filesystem.php(109): file_put_contents('/var/www/html/c...', 'a:4:{s:6:"_toke...', 2)
#2 /var/www/html/cms-laravel/vendor/laravel/framework/src/Illuminate/Session/FileSessionHandler.php(71): Illuminate\Filesystem\Filesystem->put('/var/www/html/c...', 'a:4:{s:6:"_toke...', true)
#3 /var/www/html/cms-laravel/vendor/laravel/framework/src/Illuminate/Session/Store.php(262): Illuminate\Session\FileSessionHandler->write('3a6b6c93d99d9f2...', 'a:4:{s:6:"_toke...')
#4 /var/www/html/cms-laravel/vendor/laravel/framework/src/Illuminate/Session/Middleware/StartSession.php(88): Illuminate\Session\Store->save()
#5 /var/www/html/cms-laravel/vendor/laravel/framework/src/Illuminate/Foundation/Http/Kernel.php(155): Illuminate\Session\Middleware\StartSession->terminate(Object(Illuminate\Http\Request), Object(Illuminate\Http\Response))
#6 /var/www/html/cms-laravel/public/index.php(58): Illuminate\Foundation\Http\Kernel->terminate(Object(Illuminate\Http\Request), Object(Illuminate\Http\Response))
#7 /var/www/html/cms-laravel/server.php(21): require_once('/var/www/html/c...')
#8 {main}  
[2016-06-03 09:54:26] local.ERROR: exception 'ErrorException' with message 'file_put_contents(/var/www/html/cms-laravel/storage/framework/sessions/3a6b6c93d99d9f2a0c5e847d079a6002515373fc): failed to open stream: No such file or directory' in /var/www/html/cms-laravel/vendor/laravel/framework/src/Illuminate/Filesystem/Filesystem.php:109
Stack trace:
#0 [internal function]: Illuminate\Foundation\Bootstrap\HandleExceptions->handleError(2, 'file_put_conten...', '/var/www/html/c...', 109, Array)
#1 /var/www/html/cms-laravel/vendor/laravel/framework/src/Illuminate/Filesystem/Filesystem.php(109): file_put_contents('/var/www/html/c...', 'a:4:{s:6:"_toke...', 2)
#2 /var/www/html/cms-laravel/vendor/laravel/framework/src/Illuminate/Session/FileSessionHandler.php(71): Illuminate\Filesystem\Filesystem->put('/var/www/html/c...', 'a:4:{s:6:"_toke...', true)
#3 /var/www/html/cms-laravel/vendor/laravel/framework/src/Illuminate/Session/Store.php(262): Illuminate\Session\FileSessionHandler->write('3a6b6c93d99d9f2...', 'a:4:{s:6:"_toke...')
#4 /var/www/html/cms-laravel/vendor/laravel/framework/src/Illuminate/Session/Middleware/StartSession.php(88): Illuminate\Session\Store->save()
#5 /var/www/html/cms-laravel/vendor/laravel/framework/src/Illuminate/Foundation/Http/Kernel.php(155): Illuminate\Session\Middleware\StartSession->terminate(Object(Illuminate\Http\Request), Object(Illuminate\Http\Response))
#6 /var/www/html/cms-laravel/public/index.php(58): Illuminate\Foundation\Http\Kernel->terminate(Object(Illuminate\Http\Request), Object(Illuminate\Http\Response))
#7 /var/www/html/cms-laravel/server.php(21): require_once('/var/www/html/c...')
#8 {main}  
[2016-06-03 09:54:26] local.ERROR: exception 'ErrorException' with message 'file_put_contents(/var/www/html/cms-laravel/storage/framework/sessions/3a6b6c93d99d9f2a0c5e847d079a6002515373fc): failed to open stream: No such file or directory' in /var/www/html/cms-laravel/vendor/laravel/framework/src/Illuminate/Filesystem/Filesystem.php:109
Stack trace:
#0 [internal function]: Illuminate\Foundation\Bootstrap\HandleExceptions->handleError(2, 'file_put_conten...', '/var/www/html/c...', 109, Array)
#1 /var/www/html/cms-laravel/vendor/laravel/framework/src/Illuminate/Filesystem/Filesystem.php(109): file_put_contents('/var/www/html/c...', 'a:4:{s:6:"_toke...', 2)
#2 /var/www/html/cms-laravel/vendor/laravel/framework/src/Illuminate/Session/FileSessionHandler.php(71): Illuminate\Filesystem\Filesystem->put('/var/www/html/c...', 'a:4:{s:6:"_toke...', true)
#3 /var/www/html/cms-laravel/vendor/laravel/framework/src/Illuminate/Session/Store.php(262): Illuminate\Session\FileSessionHandler->write('3a6b6c93d99d9f2...', 'a:4:{s:6:"_toke...')
#4 /var/www/html/cms-laravel/vendor/laravel/framework/src/Illuminate/Session/Middleware/StartSession.php(88): Illuminate\Session\Store->save()
#5 /var/www/html/cms-laravel/vendor/laravel/framework/src/Illuminate/Foundation/Http/Kernel.php(155): Illuminate\Session\Middleware\StartSession->terminate(Object(Illuminate\Http\Request), Object(Illuminate\Http\Response))
#6 /var/www/html/cms-laravel/public/index.php(58): Illuminate\Foundation\Http\Kernel->terminate(Object(Illuminate\Http\Request), Object(Illuminate\Http\Response))
#7 /var/www/html/cms-laravel/server.php(21): require_once('/var/www/html/c...')
#8 {main}  
[2016-06-03 09:57:18] local.ERROR: exception 'ErrorException' with message 'file_put_contents(/var/www/html/cms-laravel/storage/framework/sessions/3a6b6c93d99d9f2a0c5e847d079a6002515373fc): failed to open stream: No such file or directory' in /var/www/html/cms-laravel/vendor/laravel/framework/src/Illuminate/Filesystem/Filesystem.php:109
Stack trace:
#0 [internal function]: Illuminate\Foundation\Bootstrap\HandleExceptions->handleError(2, 'file_put_conten...', '/var/www/html/c...', 109, Array)
#1 /var/www/html/cms-laravel/vendor/laravel/framework/src/Illuminate/Filesystem/Filesystem.php(109): file_put_contents('/var/www/html/c...', 'a:4:{s:6:"_toke...', 2)
#2 /var/www/html/cms-laravel/vendor/laravel/framework/src/Illuminate/Session/FileSessionHandler.php(71): Illuminate\Filesystem\Filesystem->put('/var/www/html/c...', 'a:4:{s:6:"_toke...', true)
#3 /var/www/html/cms-laravel/vendor/laravel/framework/src/Illuminate/Session/Store.php(262): Illuminate\Session\FileSessionHandler->write('3a6b6c93d99d9f2...', 'a:4:{s:6:"_toke...')
#4 /var/www/html/cms-laravel/vendor/laravel/framework/src/Illuminate/Session/Middleware/StartSession.php(88): Illuminate\Session\Store->save()
#5 /var/www/html/cms-laravel/vendor/laravel/framework/src/Illuminate/Foundation/Http/Kernel.php(155): Illuminate\Session\Middleware\StartSession->terminate(Object(Illuminate\Http\Request), Object(Illuminate\Http\Response))
#6 /var/www/html/cms-laravel/public/index.php(58): Illuminate\Foundation\Http\Kernel->terminate(Object(Illuminate\Http\Request), Object(Illuminate\Http\Response))
#7 /var/www/html/cms-laravel/server.php(21): require_once('/var/www/html/c...')
#8 {main}  
[2016-06-03 10:00:43] local.ERROR: exception 'LogicException' with message 'Unable to prepare route [/] for serialization. Uses Closure.' in /var/www/html/cms-laravel/bootstrap/cache/compiled.php:8793
Stack trace:
#0 /var/www/html/cms-laravel/vendor/laravel/framework/src/Illuminate/Foundation/Console/RouteCacheCommand.php(61): Illuminate\Routing\Route->prepareForSerialization()
#1 [internal function]: Illuminate\Foundation\Console\RouteCacheCommand->fire()
#2 /var/www/html/cms-laravel/bootstrap/cache/compiled.php(1257): call_user_func_array(Array, Array)
#3 /var/www/html/cms-laravel/vendor/laravel/framework/src/Illuminate/Console/Command.php(169): Illuminate\Container\Container->call(Array)
#4 /var/www/html/cms-laravel/vendor/symfony/console/Command/Command.php(256): Illuminate\Console\Command->execute(Object(Symfony\Component\Console\Input\ArgvInput), Object(Symfony\Component\Console\Output\ConsoleOutput))
#5 /var/www/html/cms-laravel/vendor/laravel/framework/src/Illuminate/Console/Command.php(155): Symfony\Component\Console\Command\Command->run(Object(Symfony\Component\Console\Input\ArgvInput), Object(Symfony\Component\Console\Output\ConsoleOutput))
#6 /var/www/html/cms-laravel/vendor/symfony/console/Application.php(791): Illuminate\Console\Command->run(Object(Symfony\Component\Console\Input\ArgvInput), Object(Symfony\Component\Console\Output\ConsoleOutput))
#7 /var/www/html/cms-laravel/vendor/symfony/console/Application.php(186): Symfony\Component\Console\Application->doRunCommand(Object(Illuminate\Foundation\Console\RouteCacheCommand), Object(Symfony\Component\Console\Input\ArgvInput), Object(Symfony\Component\Console\Output\ConsoleOutput))
#8 /var/www/html/cms-laravel/vendor/symfony/console/Application.php(117): Symfony\Component\Console\Application->doRun(Object(Symfony\Component\Console\Input\ArgvInput), Object(Symfony\Component\Console\Output\ConsoleOutput))
#9 /var/www/html/cms-laravel/vendor/laravel/framework/src/Illuminate/Foundation/Console/Kernel.php(107): Symfony\Component\Console\Application->run(Object(Symfony\Component\Console\Input\ArgvInput), Object(Symfony\Component\Console\Output\ConsoleOutput))
#10 /var/www/html/cms-laravel/artisan(36): Illuminate\Foundation\Console\Kernel->handle(Object(Symfony\Component\Console\Input\ArgvInput), Object(Symfony\Component\Console\Output\ConsoleOutput))
#11 {main}  
[2016-10-24 21:38:08] local.ERROR: exception 'Symfony\Component\Console\Exception\CommandNotFoundException' with message 'Command "php" is not defined.' in /Users/Flori/Documents/workspace/cms-laravel/vendor/symfony/console/Application.php:515
Stack trace:
#0 /Users/Flori/Documents/workspace/cms-laravel/vendor/symfony/console/Application.php(183): Symfony\Component\Console\Application->find('php')
#1 /Users/Flori/Documents/workspace/cms-laravel/vendor/symfony/console/Application.php(117): Symfony\Component\Console\Application->doRun(Object(Symfony\Component\Console\Input\ArgvInput), Object(Symfony\Component\Console\Output\ConsoleOutput))
#2 /Users/Flori/Documents/workspace/cms-laravel/vendor/laravel/framework/src/Illuminate/Foundation/Console/Kernel.php(107): Symfony\Component\Console\Application->run(Object(Symfony\Component\Console\Input\ArgvInput), Object(Symfony\Component\Console\Output\ConsoleOutput))
#3 /Users/Flori/Documents/workspace/cms-laravel/artisan(36): Illuminate\Foundation\Console\Kernel->handle(Object(Symfony\Component\Console\Input\ArgvInput), Object(Symfony\Component\Console\Output\ConsoleOutput))
#4 {main}  
[2016-10-24 21:49:08] local.ERROR: exception 'Symfony\Component\Console\Exception\CommandNotFoundException' with message 'Command "infyom.api" is not defined.

Did you mean one of these?
    infyom.api:controller
    infyom.api:requests
    infyom.api:tests
    infyom:api' in /Users/Flori/Documents/workspace/cms-laravel/vendor/symfony/console/Application.php:515
Stack trace:
#0 /Users/Flori/Documents/workspace/cms-laravel/vendor/symfony/console/Application.php(183): Symfony\Component\Console\Application->find('infyom.api')
#1 /Users/Flori/Documents/workspace/cms-laravel/vendor/symfony/console/Application.php(117): Symfony\Component\Console\Application->doRun(Object(Symfony\Component\Console\Input\ArgvInput), Object(Symfony\Component\Console\Output\ConsoleOutput))
#2 /Users/Flori/Documents/workspace/cms-laravel/vendor/laravel/framework/src/Illuminate/Foundation/Console/Kernel.php(107): Symfony\Component\Console\Application->run(Object(Symfony\Component\Console\Input\ArgvInput), Object(Symfony\Component\Console\Output\ConsoleOutput))
#3 /Users/Flori/Documents/workspace/cms-laravel/artisan(36): Illuminate\Foundation\Console\Kernel->handle(Object(Symfony\Component\Console\Input\ArgvInput), Object(Symfony\Component\Console\Output\ConsoleOutput))
#4 {main}  
[2016-10-24 21:49:14] local.ERROR: exception 'Symfony\Component\Console\Exception\CommandNotFoundException' with message 'Command "infyom.api" is not defined.

Did you mean one of these?
    infyom.api:controller
    infyom.api:requests
    infyom.api:tests
    infyom:api' in /Users/Flori/Documents/workspace/cms-laravel/vendor/symfony/console/Application.php:515
Stack trace:
#0 /Users/Flori/Documents/workspace/cms-laravel/vendor/symfony/console/Application.php(183): Symfony\Component\Console\Application->find('infyom.api')
#1 /Users/Flori/Documents/workspace/cms-laravel/vendor/symfony/console/Application.php(117): Symfony\Component\Console\Application->doRun(Object(Symfony\Component\Console\Input\ArgvInput), Object(Symfony\Component\Console\Output\ConsoleOutput))
#2 /Users/Flori/Documents/workspace/cms-laravel/vendor/laravel/framework/src/Illuminate/Foundation/Console/Kernel.php(107): Symfony\Component\Console\Application->run(Object(Symfony\Component\Console\Input\ArgvInput), Object(Symfony\Component\Console\Output\ConsoleOutput))
#3 /Users/Flori/Documents/workspace/cms-laravel/artisan(36): Illuminate\Foundation\Console\Kernel->handle(Object(Symfony\Component\Console\Input\ArgvInput), Object(Symfony\Component\Console\Output\ConsoleOutput))
#4 {main}  
[2016-10-24 21:49:18] local.ERROR: exception 'Symfony\Component\Console\Exception\RuntimeException' with message 'Not enough arguments (missing: "model").' in /Users/Flori/Documents/workspace/cms-laravel/vendor/symfony/console/Input/Input.php:83
Stack trace:
#0 /Users/Flori/Documents/workspace/cms-laravel/vendor/symfony/console/Command/Command.php(251): Symfony\Component\Console\Input\Input->validate()
#1 /Users/Flori/Documents/workspace/cms-laravel/vendor/laravel/framework/src/Illuminate/Console/Command.php(155): Symfony\Component\Console\Command\Command->run(Object(Symfony\Component\Console\Input\ArgvInput), Object(Symfony\Component\Console\Output\ConsoleOutput))
#2 /Users/Flori/Documents/workspace/cms-laravel/vendor/symfony/console/Application.php(794): Illuminate\Console\Command->run(Object(Symfony\Component\Console\Input\ArgvInput), Object(Symfony\Component\Console\Output\ConsoleOutput))
#3 /Users/Flori/Documents/workspace/cms-laravel/vendor/symfony/console/Application.php(186): Symfony\Component\Console\Application->doRunCommand(Object(InfyOm\Generator\Commands\API\APIGeneratorCommand), Object(Symfony\Component\Console\Input\ArgvInput), Object(Symfony\Component\Console\Output\ConsoleOutput))
#4 /Users/Flori/Documents/workspace/cms-laravel/vendor/symfony/console/Application.php(117): Symfony\Component\Console\Application->doRun(Object(Symfony\Component\Console\Input\ArgvInput), Object(Symfony\Component\Console\Output\ConsoleOutput))
#5 /Users/Flori/Documents/workspace/cms-laravel/vendor/laravel/framework/src/Illuminate/Foundation/Console/Kernel.php(107): Symfony\Component\Console\Application->run(Object(Symfony\Component\Console\Input\ArgvInput), Object(Symfony\Component\Console\Output\ConsoleOutput))
#6 /Users/Flori/Documents/workspace/cms-laravel/artisan(36): Illuminate\Foundation\Console\Kernel->handle(Object(Symfony\Component\Console\Input\ArgvInput), Object(Symfony\Component\Console\Output\ConsoleOutput))
#7 {main}  
